2025-06-26 17:40:48.291 [INFO] [main] [Logger] Logging system initialized
2025-06-26 17:40:48.293 [INFO] [main] [Logger] Log level set to INFO
2025-06-26 17:40:48.373 [INFO] [main] [ExceptionHandler] Global exception handler initialized
2025-06-26 17:40:48.373 [INFO] [main] [Application] Starting Omok Game Application
2025-06-26 17:40:48.659 [INFO] [AWT-EventQueue-0] [Application] UI Theme applied
2025-06-26 17:40:48.675 [ERROR] [AWT-EventQueue-0] [Application] Failed to start application
java.awt.HeadlessException: 
No X11 DISPLAY variable was set,
or no headful library support was found,
but this program performed an operation which requires it,

	at java.desktop/java.awt.GraphicsEnvironment.checkHeadless(GraphicsEnvironment.java:164)
	at java.desktop/java.awt.Window.<init>(Window.java:553)
	at java.desktop/java.awt.Frame.<init>(Frame.java:428)
	at java.desktop/java.awt.Frame.<init>(Frame.java:393)
	at java.desktop/javax.swing.SwingUtilities$SharedOwnerFrame.<init>(SwingUtilities.java:1925)
	at java.desktop/javax.swing.SwingUtilities.getSharedOwnerFrame(SwingUtilities.java:2001)
	at java.desktop/javax.swing.JWindow.<init>(JWindow.java:183)
	at java.desktop/javax.swing.JWindow.<init>(JWindow.java:135)
	at com.omok.presentation.ui.components.SplashScreen.<init>(SplashScreen.kt:8)
	at com.omok.presentation.MainKt.main$lambda$5(Main.kt:36)
	at java.desktop/java.awt.event.InvocationEvent.dispatch(InvocationEvent.java:318)
	at java.desktop/java.awt.EventQueue.dispatchEventImpl(EventQueue.java:773)
	at java.desktop/java.awt.EventQueue$4.run(EventQueue.java:720)
	at java.desktop/java.awt.EventQueue$4.run(EventQueue.java:714)
	at java.base/java.security.AccessController.doPrivileged(AccessController.java:400)
	at java.base/java.security.ProtectionDomain$JavaSecurityAccessImpl.doIntersectionPrivilege(ProtectionDomain.java:87)
	at java.desktop/java.awt.EventQueue.dispatchEvent(EventQueue.java:742)
	at java.desktop/java.awt.EventDispatchThread.pumpOneEventForFilters(EventDispatchThread.java:203)
	at java.desktop/java.awt.EventDispatchThread.pumpEventsForFilter(EventDispatchThread.java:124)
	at java.desktop/java.awt.EventDispatchThread.pumpEventsForHierarchy(EventDispatchThread.java:113)
	at java.desktop/java.awt.EventDispatchThread.pumpEvents(EventDispatchThread.java:109)
	at java.desktop/java.awt.EventDispatchThread.pumpEvents(EventDispatchThread.java:101)
	at java.desktop/java.awt.EventDispatchThread.run(EventDispatchThread.java:90)
2025-06-26 17:40:49.676 [INFO] [Thread-1] [Logger] Shutting down logger...
